#
# There is insufficient memory for the Java Runtime Environment to continue.
# Native memory allocation (malloc) failed to allocate 1048576 bytes for AllocateHeap
# Possible reasons:
#   The system is out of physical RAM or swap space
#   The process is running with CompressedOops enabled, and the Java Heap may be blocking the growth of the native heap
# Possible solutions:
#   Reduce memory load on the system
#   Increase physical memory or swap space
#   Check if swap backing store is full
#   Decrease Java heap size (-Xmx/-Xms)
#   Decrease number of Java threads
#   Decrease Java thread stack sizes (-Xss)
#   Set larger code cache with -XX:ReservedCodeCacheSize=
#   JVM is running with Zero Based Compressed Oops mode in which the Java heap is
#     placed in the first 32GB address space. The Java Heap base address is the
#     maximum limit for the native heap growth. Please use -XX:HeapBaseMinAddress
#     to set the Java Heap base and to place the Java Heap above 32GB virtual address.
# This output file may be truncated or incomplete.
#
#  Out of Memory Error (memory/allocation.inline.hpp:61), pid=16100, tid=0x0000000000008190
#
# JRE version:  (8.0_271-b09) (build )
# Java VM: Java HotSpot(TM) 64-Bit Server VM (25.271-b09 mixed mode windows-amd64 compressed oops)
# Failed to write core dump. Minidumps are not enabled by default on client versions of Windows
#

---------------  T H R E A D  ---------------

Current thread (0x0000022630744800):  JavaThread "Unknown thread" [_thread_in_vm, id=33168, stack(0x00000057da800000,0x00000057da900000)]

Stack: [0x00000057da800000,0x00000057da900000]
Native frames: (J=compiled Java code, j=interpreted, Vv=VM code, C=native code)
V  [jvm.dll+0x33f6c9]
V  [jvm.dll+0x286122]
V  [jvm.dll+0x286dcd]
V  [jvm.dll+0x27d805]
V  [jvm.dll+0x1565d]
V  [jvm.dll+0x3e35e7]
V  [jvm.dll+0x3e3fd8]
V  [jvm.dll+0x10cfff]
V  [jvm.dll+0x21ab2b]
V  [jvm.dll+0x2494e7]
V  [jvm.dll+0x172a76]
C  [java.exe+0x2312]
C  [java.exe+0x15f54]
C  [KERNEL32.DLL+0x17c24]
C  [ntdll.dll+0x6cea1]


---------------  P R O C E S S  ---------------

Java Threads: ( => current thread )

Other Threads:

=>0x0000022630744800 (exited) JavaThread "Unknown thread" [_thread_in_vm, id=33168, stack(0x00000057da800000,0x00000057da900000)]

VM state:not at safepoint (normal execution)

VM Mutex/Monitor currently owned by a thread: None

heap address: 0x00000006c0000000, size: 4096 MB, Compressed Oops mode: Zero based, Oop shift amount: 3
Narrow klass base: 0x0000000000000000, Narrow klass shift: 3
Compressed class space size: 1073741824 Address: 0x00000007c0000000

Heap:
 PSYoungGen      total 37888K, used 655K [0x000000076ab00000, 0x000000076d500000, 0x00000007c0000000)
  eden space 32768K, 2% used [0x000000076ab00000,0x000000076aba3d80,0x000000076cb00000)
  from space 5120K, 0% used [0x000000076d000000,0x000000076d000000,0x000000076d500000)
  to   space 5120K, 0% used [0x000000076cb00000,0x000000076cb00000,0x000000076d000000)
 ParOldGen       total 86016K, used 0K [0x00000006c0000000, 0x00000006c5400000, 0x000000076ab00000)
  object space 86016K, 0% used [0x00000006c0000000,0x00000006c0000000,0x00000006c5400000)
 Metaspace       used 776K, capacity 4480K, committed 4480K, reserved 1056768K
  class space    used 76K, capacity 384K, committed 384K, reserved 1048576K

Card table byte_map: [0x0000022641520000,0x0000022641d30000] byte_map_base: 0x000002263df20000

Marking Bits: (ParMarkBitMap*) 0x000000006e1f7fe0
 Begin Bits: [0x0000022642290000, 0x0000022646290000)
 End Bits:   [0x0000022646290000, 0x000002264a290000)

Polling page: 0x0000022632130000

CodeCache: size=245760Kb used=328Kb max_used=328Kb free=245431Kb
 bounds [0x0000022632160000, 0x00000226323d0000, 0x0000022641160000]
 total_blobs=58 nmethods=0 adapters=38
 compilation: enabled

Compilation events (0 events):
No events

GC Heap History (0 events):
No events

Deoptimization events (0 events):
No events

Classes redefined (0 events):
No events

Internal exceptions (0 events):
No events

Events (10 events):
Event: 0.053 loading class java/lang/Short
Event: 0.053 loading class java/lang/Short done
Event: 0.053 loading class java/lang/Integer
Event: 0.053 loading class java/lang/Integer done
Event: 0.053 loading class java/lang/Long
Event: 0.053 loading class java/lang/Long done
Event: 0.054 loading class java/lang/NullPointerException
Event: 0.054 loading class java/lang/NullPointerException done
Event: 0.054 loading class java/lang/ArithmeticException
Event: 0.054 loading class java/lang/ArithmeticException done


Dynamic libraries:
0x00007ff6f9900000 - 0x00007ff6f9947000 	C:\Program Files\Java\jdk1.8.0_271\bin\java.exe
0x00007ffc09100000 - 0x00007ffc092f0000 	C:\WINDOWS\SYSTEM32\ntdll.dll
0x00007ffc073d0000 - 0x00007ffc07482000 	C:\WINDOWS\System32\KERNEL32.DLL
0x00007ffc06090000 - 0x00007ffc06335000 	C:\WINDOWS\System32\KERNELBASE.dll
0x00007ffc08a30000 - 0x00007ffc08ad3000 	C:\WINDOWS\System32\ADVAPI32.dll
0x00007ffc07aa0000 - 0x00007ffc07b3e000 	C:\WINDOWS\System32\msvcrt.dll
0x00007ffc07490000 - 0x00007ffc07527000 	C:\WINDOWS\System32\sechost.dll
0x00007ffc08890000 - 0x00007ffc089b0000 	C:\WINDOWS\System32\RPCRT4.dll
0x00007ffc086c0000 - 0x00007ffc08854000 	C:\WINDOWS\System32\USER32.dll
0x00007ffc070b0000 - 0x00007ffc070d1000 	C:\WINDOWS\System32\win32u.dll
0x00007ffc08ae0000 - 0x00007ffc08b06000 	C:\WINDOWS\System32\GDI32.dll
0x00007ffc06e60000 - 0x00007ffc06ff6000 	C:\WINDOWS\System32\gdi32full.dll
0x00007ffc06dc0000 - 0x00007ffc06e5e000 	C:\WINDOWS\System32\msvcp_win.dll
0x00007ffc06cc0000 - 0x00007ffc06dba000 	C:\WINDOWS\System32\ucrtbase.dll
0x00007ffbebfb0000 - 0x00007ffbec234000 	C:\WINDOWS\WinSxS\amd64_microsoft.windows.common-controls_6595b64144ccf1df_6.0.18362.1139_none_9e7bf2d3e4605ac6\COMCTL32.dll
0x00007ffc07b60000 - 0x00007ffc07e95000 	C:\WINDOWS\System32\combase.dll
0x00007ffc06c40000 - 0x00007ffc06cc0000 	C:\WINDOWS\System32\bcryptPrimitives.dll
0x00007ffc08860000 - 0x00007ffc0888e000 	C:\WINDOWS\System32\IMM32.DLL
0x00007ffbffd00000 - 0x00007ffbffd15000 	C:\Program Files\Java\jdk1.8.0_271\jre\bin\vcruntime140.dll
0x00007ffbe0f50000 - 0x00007ffbe0feb000 	C:\Program Files\Java\jdk1.8.0_271\jre\bin\msvcp140.dll
0x000000006da00000 - 0x000000006e26f000 	C:\Program Files\Java\jdk1.8.0_271\jre\bin\server\jvm.dll
0x00007ffc071b0000 - 0x00007ffc071b8000 	C:\WINDOWS\System32\PSAPI.DLL
0x00007ffbec810000 - 0x00007ffbec819000 	C:\WINDOWS\SYSTEM32\WSOCK32.dll
0x00007ffc07750000 - 0x00007ffc077bf000 	C:\WINDOWS\System32\WS2_32.dll
0x00007ffc003d0000 - 0x00007ffc003da000 	C:\WINDOWS\SYSTEM32\VERSION.dll
0x00007ffc00460000 - 0x00007ffc00484000 	C:\WINDOWS\SYSTEM32\WINMM.dll
0x00007ffc00430000 - 0x00007ffc0045d000 	C:\WINDOWS\SYSTEM32\winmmbase.dll
0x00007ffc070e0000 - 0x00007ffc0712a000 	C:\WINDOWS\System32\cfgmgr32.dll
0x00007ffc05fd0000 - 0x00007ffc05fe1000 	C:\WINDOWS\System32\kernel.appcore.dll
0x00007ffbffcf0000 - 0x00007ffbffd00000 	C:\Program Files\Java\jdk1.8.0_271\jre\bin\verify.dll
0x00007ffbf20e0000 - 0x00007ffbf210b000 	C:\Program Files\Java\jdk1.8.0_271\jre\bin\java.dll
0x00007ffbff530000 - 0x00007ffbff548000 	C:\Program Files\Java\jdk1.8.0_271\jre\bin\zip.dll
0x00007ffc048e0000 - 0x00007ffc04ad4000 	C:\WINDOWS\SYSTEM32\dbghelp.dll

VM Arguments:
jvm_args: -Dfile.encoding=UTF-8 -Xmx4096M -Dcom.android.sdkmanager.toolsdir=C:/androidsdklocation\tools -Dfile.encoding=UTF8 
java_command: C:/Users/Reggie/Desktop/coding projects/Editor/Data/PlaybackEngines/AndroidPlayer/Tools\sdktools.jar -
java_class_path (initial): C:/Users/Reggie/Desktop/coding projects/Editor/Data/PlaybackEngines/AndroidPlayer/Tools\sdktools.jar
Launcher Type: SUN_STANDARD

Environment Variables:
JAVA_HOME=C:\Program Files\Java\jdk1.8.0_271
JAVA_TOOL_OPTIONS=-Dfile.encoding=UTF-8
PATH=C:\Program Files\PHP\v7.3;C:\ProgramData\Anaconda3;C:\ProgramData\Anaconda3\Library\mingw-w64\bin;C:\ProgramData\Anaconda3\Library\usr\bin;C:\ProgramData\Anaconda3\Library\bin;C:\ProgramData\Anaconda3\Scripts;C:\Program Files (x86)\Common Files\Oracle\Java\javapath;C:\Program Files (x86)\Intel\Intel(R) Management Engine Components\iCLS\;C:\Program Files\Intel\Intel(R) Management Engine Components\iCLS\;C:\WINDOWS\system32;C:\WINDOWS;C:\WINDOWS\System32\Wbem;C:\WINDOWS\System32\WindowsPowerShell\v1.0\;C:\Program Files (x86)\Intel\Intel(R) Management Engine Components\DAL;C:\Program Files\Intel\Intel(R) Management Engine Components\DAL;C:\Program Files (x86)\Intel\Intel(R) Management Engine Components\IPT;C:\Program Files\Intel\Intel(R) Management Engine Components\IPT;C:\WINDOWS\System32\OpenSSH\;C:\Program Files\Intel\WiFi\bin\;C:\Program Files\Common Files\Intel\WirelessCommon\;C:\Program Files\Microsoft\Web Platform Installer\;C:\Users\Reggie\AppData\Local\Microsoft\WindowsApps;C:\U;C:\Program Files\Microsoft VS Code\bin;C:\Program Files\Git\cmd;C:\Users\Reggie\AppData\Local\Microsoft\WindowsApps;C:\Users\Reggie\AppData\Local\GitHubDesktop\bin;C:\Users\Reggie\AppData\Local\atom\bin;C:\ProgramData\Reggie\atom\bin;C:\Users\Reggie\AppData\Local\Microsoft\WindowsApps;C:\Program Files\heroku\bin;;C:\Users\Reggie\Desktop\coding projects\PyCharm Community Edition 2020.1.2\bin;
USERNAME=Reggie
OS=Windows_NT
PROCESSOR_IDENTIFIER=Intel64 Family 6 Model 142 Stepping 10, GenuineIntel



---------------  S Y S T E M  ---------------

OS: Windows 10.0 , 64 bit Build 18362 (10.0.18362.1110)

CPU:total 8 (initial active 8) (4 cores per cpu, 2 threads per core) family 6 model 142 stepping 10, cmov, cx8, fxsr, mmx, sse, sse2, sse3, ssse3, sse4.1, sse4.2, popcnt, avx, avx2, aes, clmul, erms, 3dnowpref, lzcnt, ht, tsc, tscinvbit, bmi1, bmi2, adx

Memory: 4k page, physical 8218788k(677912k free), swap 23686432k(4080k free)

vm_info: Java HotSpot(TM) 64-Bit Server VM (25.271-b09) for windows-amd64 JRE (1.8.0_271-b09), built on Sep 16 2020 19:14:59 by "" with MS VC++ 15.9 (VS2017)

time: Sat Jan 16 16:05:02 2021
timezone: Eastern Standard Time
elapsed time: 0.130726 seconds (0d 0h 0m 0s)

